<?xml version="1.0" encoding="UTF-8"?>
<!-- Generated by org.testng.reporters.JUnitReportReporter -->
<testsuite hostname="Dipti" failures="0" tests="1" name="practice.Parameters" time="0.022" errors="0" timestamp="2023-03-03T17:32:08 IST" skipped="0">
  <testcase classname="practice.Parameters" name="m1" time="0.022"/>
  <system-out/>
</testsuite> <!-- practice.Parameters -->
