<?xml version="1.0" encoding="UTF-8"?>
<!-- Generated by org.testng.reporters.JUnitReportReporter -->
<testsuite hostname="Dipti" failures="0" tests="1" name="practice1.Sample2Test" time="0.002" errors="0" timestamp="2023-03-04T13:22:52 IST" skipped="0">
  <testcase classname="practice1.Sample2Test" name="m2" time="0.002"/>
  <system-out/>
</testsuite> <!-- practice1.Sample2Test -->
