<?xml version="1.0" encoding="UTF-8"?>
<!-- Generated by org.testng.reporters.JUnitReportReporter -->
<testsuite hostname="Dipti" failures="0" tests="1" name="practice.SampleTest" time="0.009" errors="0" timestamp="2023-03-03T13:27:03 IST" skipped="0">
  <testcase classname="practice.SampleTest" name="m1" time="0.009"/>
  <system-out/>
</testsuite> <!-- practice.SampleTest -->
