<?xml version="1.0" encoding="UTF-8"?>
<!-- Generated by org.testng.reporters.JUnitReportReporter -->
<testsuite hostname="Dipti" failures="0" tests="1" name="practice1.SampleTest" time="0.008" errors="0" timestamp="2023-03-04T13:22:52 IST" skipped="0">
  <testcase classname="practice1.SampleTest" name="m1" time="0.008"/>
  <system-out/>
</testsuite> <!-- practice1.SampleTest -->
