<?xml version="1.0" encoding="UTF-8"?>
<!-- Generated by org.testng.reporters.JUnitReportReporter -->
<testsuite hostname="Dipti" failures="0" tests="1" name="practice.Sample" time="0.010" errors="0" timestamp="2023-03-02T21:23:19 IST" skipped="0">
  <testcase classname="practice.Sample" name="m1" time="0.010"/>
  <system-out/>
</testsuite> <!-- practice.Sample -->
